[2021-04-21 21:20:58] (ERROR in xPDO::getService @ E:\OSP\123\OSPanel\domains\modx.local\core\xpdo\xpdo.class.php : 1234) modRestClient::__construct is deprecated since version 2.3.0. Use the modRest classes instead.
[2021-04-21 21:20:58] (ERROR in modRestCurlClient::__construct @ E:\OSP\123\OSPanel\domains\modx.local\core\model\modx\rest\modrestcurlclient.class.php : 26) modRestClient::__construct is deprecated since version 2.3.0. Use the modRest classes instead.
[2021-04-21 21:21:21] (ERROR in xPDO::getService @ E:\OSP\123\OSPanel\domains\modx.local\core\xpdo\xpdo.class.php : 1234) modRestClient::__construct is deprecated since version 2.3.0. Use the modRest classes instead.
[2021-04-21 21:21:21] (ERROR in xPDO::getService @ E:\OSP\123\OSPanel\domains\modx.local\core\xpdo\xpdo.class.php : 1234) modRestClient::__construct is deprecated since version 2.3.0. Use the modRest classes instead.
[2021-04-21 21:21:21] (ERROR in modRestCurlClient::__construct @ E:\OSP\123\OSPanel\domains\modx.local\core\model\modx\rest\modrestcurlclient.class.php : 26) modRestClient::__construct is deprecated since version 2.3.0. Use the modRest classes instead.
[2021-04-21 21:21:21] (ERROR in modRestCurlClient::__construct @ E:\OSP\123\OSPanel\domains\modx.local\core\model\modx\rest\modrestcurlclient.class.php : 26) modRestClient::__construct is deprecated since version 2.3.0. Use the modRest classes instead.
[2021-04-21 21:21:31] (ERROR in xPDO::getService @ E:\OSP\123\OSPanel\domains\modx.local\core\xpdo\xpdo.class.php : 1234) modRestClient::__construct is deprecated since version 2.3.0. Use the modRest classes instead.
[2021-04-21 21:21:31] (ERROR in modRestCurlClient::__construct @ E:\OSP\123\OSPanel\domains\modx.local\core\model\modx\rest\modrestcurlclient.class.php : 26) modRestClient::__construct is deprecated since version 2.3.0. Use the modRest classes instead.
[2021-04-21 21:21:37] (ERROR in xPDO::getService @ E:\OSP\123\OSPanel\domains\modx.local\core\xpdo\xpdo.class.php : 1234) modRestClient::__construct is deprecated since version 2.3.0. Use the modRest classes instead.
[2021-04-21 21:21:37] (ERROR in modRestCurlClient::__construct @ E:\OSP\123\OSPanel\domains\modx.local\core\model\modx\rest\modrestcurlclient.class.php : 26) modRestClient::__construct is deprecated since version 2.3.0. Use the modRest classes instead.
[2021-04-21 21:28:22] (ERROR in xPDO::getService @ E:\OSP\123\OSPanel\domains\modx.local\core\xpdo\xpdo.class.php : 1234) modRestClient::__construct is deprecated since version 2.3.0. Use the modRest classes instead.
[2021-04-21 21:28:22] (ERROR in modRestCurlClient::__construct @ E:\OSP\123\OSPanel\domains\modx.local\core\model\modx\rest\modrestcurlclient.class.php : 26) modRestClient::__construct is deprecated since version 2.3.0. Use the modRest classes instead.
[2021-04-21 21:28:22] (ERROR in xPDO::getService @ E:\OSP\123\OSPanel\domains\modx.local\core\xpdo\xpdo.class.php : 1234) modRestClient::__construct is deprecated since version 2.3.0. Use the modRest classes instead.
[2021-04-21 21:28:22] (ERROR in modRestCurlClient::__construct @ E:\OSP\123\OSPanel\domains\modx.local\core\model\modx\rest\modrestcurlclient.class.php : 26) modRestClient::__construct is deprecated since version 2.3.0. Use the modRest classes instead.
[2021-04-21 21:28:46] (ERROR in xPDO::getService @ E:\OSP\123\OSPanel\domains\modx.local\core\xpdo\xpdo.class.php : 1234) modRestClient::__construct is deprecated since version 2.3.0. Use the modRest classes instead.
[2021-04-21 21:28:46] (ERROR in modRestCurlClient::__construct @ E:\OSP\123\OSPanel\domains\modx.local\core\model\modx\rest\modrestcurlclient.class.php : 26) modRestClient::__construct is deprecated since version 2.3.0. Use the modRest classes instead.
[2021-04-21 21:28:46] (ERROR in xPDO::getService @ E:\OSP\123\OSPanel\domains\modx.local\core\xpdo\xpdo.class.php : 1234) modRestClient::__construct is deprecated since version 2.3.0. Use the modRest classes instead.
[2021-04-21 21:28:46] (ERROR in modRestCurlClient::__construct @ E:\OSP\123\OSPanel\domains\modx.local\core\model\modx\rest\modrestcurlclient.class.php : 26) modRestClient::__construct is deprecated since version 2.3.0. Use the modRest classes instead.
[2021-04-21 21:29:17] (ERROR in xPDO::getService @ E:\OSP\123\OSPanel\domains\modx.local\core\xpdo\xpdo.class.php : 1234) modRestClient::__construct is deprecated since version 2.3.0. Use the modRest classes instead.
[2021-04-21 21:29:17] (ERROR in modRestCurlClient::__construct @ E:\OSP\123\OSPanel\domains\modx.local\core\model\modx\rest\modrestcurlclient.class.php : 26) modRestClient::__construct is deprecated since version 2.3.0. Use the modRest classes instead.
[2021-04-21 21:30:33] (ERROR in xPDO::getService @ E:\OSP\123\OSPanel\domains\modx.local\core\xpdo\xpdo.class.php : 1234) modRestClient::__construct is deprecated since version 2.3.0. Use the modRest classes instead.
[2021-04-21 21:30:33] (ERROR in modRestCurlClient::__construct @ E:\OSP\123\OSPanel\domains\modx.local\core\model\modx\rest\modrestcurlclient.class.php : 26) modRestClient::__construct is deprecated since version 2.3.0. Use the modRest classes instead.
[2021-04-21 21:30:39] (ERROR in xPDO::getService @ E:\OSP\123\OSPanel\domains\modx.local\core\xpdo\xpdo.class.php : 1234) modRestClient::__construct is deprecated since version 2.3.0. Use the modRest classes instead.
[2021-04-21 21:30:39] (ERROR in modRestCurlClient::__construct @ E:\OSP\123\OSPanel\domains\modx.local\core\model\modx\rest\modrestcurlclient.class.php : 26) modRestClient::__construct is deprecated since version 2.3.0. Use the modRest classes instead.
[2021-04-21 21:30:39] (ERROR in xPDO::getService @ E:\OSP\123\OSPanel\domains\modx.local\core\xpdo\xpdo.class.php : 1234) modRestClient::__construct is deprecated since version 2.3.0. Use the modRest classes instead.
[2021-04-21 21:30:39] (ERROR in modRestCurlClient::__construct @ E:\OSP\123\OSPanel\domains\modx.local\core\model\modx\rest\modrestcurlclient.class.php : 26) modRestClient::__construct is deprecated since version 2.3.0. Use the modRest classes instead.
[2021-04-21 21:30:56] (ERROR in xPDO::getService @ E:\OSP\123\OSPanel\domains\modx.local\core\xpdo\xpdo.class.php : 1234) modRestClient::__construct is deprecated since version 2.3.0. Use the modRest classes instead.
[2021-04-21 21:30:56] (ERROR in modRestCurlClient::__construct @ E:\OSP\123\OSPanel\domains\modx.local\core\model\modx\rest\modrestcurlclient.class.php : 26) modRestClient::__construct is deprecated since version 2.3.0. Use the modRest classes instead.
[2021-04-21 21:31:44] (ERROR in xPDO::getService @ E:\OSP\123\OSPanel\domains\modx.local\core\xpdo\xpdo.class.php : 1234) modRestClient::__construct is deprecated since version 2.3.0. Use the modRest classes instead.
[2021-04-21 21:31:44] (ERROR in modRestCurlClient::__construct @ E:\OSP\123\OSPanel\domains\modx.local\core\model\modx\rest\modrestcurlclient.class.php : 26) modRestClient::__construct is deprecated since version 2.3.0. Use the modRest classes instead.
[2021-04-21 21:31:49] (ERROR in xPDO::getService @ E:\OSP\123\OSPanel\domains\modx.local\core\xpdo\xpdo.class.php : 1234) modRestClient::__construct is deprecated since version 2.3.0. Use the modRest classes instead.
[2021-04-21 21:31:49] (ERROR in modRestCurlClient::__construct @ E:\OSP\123\OSPanel\domains\modx.local\core\model\modx\rest\modrestcurlclient.class.php : 26) modRestClient::__construct is deprecated since version 2.3.0. Use the modRest classes instead.
[2021-04-21 21:31:49] (ERROR in xPDO::getService @ E:\OSP\123\OSPanel\domains\modx.local\core\xpdo\xpdo.class.php : 1234) modRestClient::__construct is deprecated since version 2.3.0. Use the modRest classes instead.
[2021-04-21 21:31:49] (ERROR in modRestCurlClient::__construct @ E:\OSP\123\OSPanel\domains\modx.local\core\model\modx\rest\modrestcurlclient.class.php : 26) modRestClient::__construct is deprecated since version 2.3.0. Use the modRest classes instead.
[2021-04-21 21:33:04] (ERROR in xPDO::getService @ E:\OSP\123\OSPanel\domains\modx.local\core\xpdo\xpdo.class.php : 1234) modRestClient::__construct is deprecated since version 2.3.0. Use the modRest classes instead.
[2021-04-21 21:33:04] (ERROR in modRestCurlClient::__construct @ E:\OSP\123\OSPanel\domains\modx.local\core\model\modx\rest\modrestcurlclient.class.php : 26) modRestClient::__construct is deprecated since version 2.3.0. Use the modRest classes instead.
[2021-04-21 21:33:41] (ERROR in xPDO::getService @ E:\OSP\123\OSPanel\domains\modx.local\core\xpdo\xpdo.class.php : 1234) modRestClient::__construct is deprecated since version 2.3.0. Use the modRest classes instead.
[2021-04-21 21:33:41] (ERROR in modRestCurlClient::__construct @ E:\OSP\123\OSPanel\domains\modx.local\core\model\modx\rest\modrestcurlclient.class.php : 26) modRestClient::__construct is deprecated since version 2.3.0. Use the modRest classes instead.
[2021-04-21 21:33:45] (ERROR in xPDO::getService @ E:\OSP\123\OSPanel\domains\modx.local\core\xpdo\xpdo.class.php : 1234) modRestClient::__construct is deprecated since version 2.3.0. Use the modRest classes instead.
[2021-04-21 21:33:45] (ERROR in modRestCurlClient::__construct @ E:\OSP\123\OSPanel\domains\modx.local\core\model\modx\rest\modrestcurlclient.class.php : 26) modRestClient::__construct is deprecated since version 2.3.0. Use the modRest classes instead.
[2021-04-21 21:33:45] (ERROR in xPDO::getService @ E:\OSP\123\OSPanel\domains\modx.local\core\xpdo\xpdo.class.php : 1234) modRestClient::__construct is deprecated since version 2.3.0. Use the modRest classes instead.
[2021-04-21 21:33:45] (ERROR in modRestCurlClient::__construct @ E:\OSP\123\OSPanel\domains\modx.local\core\model\modx\rest\modrestcurlclient.class.php : 26) modRestClient::__construct is deprecated since version 2.3.0. Use the modRest classes instead.
[2021-04-21 21:33:53] (ERROR in xPDO::getService @ E:\OSP\123\OSPanel\domains\modx.local\core\xpdo\xpdo.class.php : 1234) modRestClient::__construct is deprecated since version 2.3.0. Use the modRest classes instead.
[2021-04-21 21:33:53] (ERROR in modRestCurlClient::__construct @ E:\OSP\123\OSPanel\domains\modx.local\core\model\modx\rest\modrestcurlclient.class.php : 26) modRestClient::__construct is deprecated since version 2.3.0. Use the modRest classes instead.
[2021-04-21 21:34:29] (ERROR in xPDO::getService @ E:\OSP\123\OSPanel\domains\modx.local\core\xpdo\xpdo.class.php : 1234) modRestClient::__construct is deprecated since version 2.3.0. Use the modRest classes instead.
[2021-04-21 21:34:29] (ERROR in modRestCurlClient::__construct @ E:\OSP\123\OSPanel\domains\modx.local\core\model\modx\rest\modrestcurlclient.class.php : 26) modRestClient::__construct is deprecated since version 2.3.0. Use the modRest classes instead.
[2021-04-21 21:34:33] (ERROR in xPDO::getService @ E:\OSP\123\OSPanel\domains\modx.local\core\xpdo\xpdo.class.php : 1234) modRestClient::__construct is deprecated since version 2.3.0. Use the modRest classes instead.
[2021-04-21 21:34:33] (ERROR in modRestCurlClient::__construct @ E:\OSP\123\OSPanel\domains\modx.local\core\model\modx\rest\modrestcurlclient.class.php : 26) modRestClient::__construct is deprecated since version 2.3.0. Use the modRest classes instead.
[2021-04-21 21:34:33] (ERROR in xPDO::getService @ E:\OSP\123\OSPanel\domains\modx.local\core\xpdo\xpdo.class.php : 1234) modRestClient::__construct is deprecated since version 2.3.0. Use the modRest classes instead.
[2021-04-21 21:34:33] (ERROR in modRestCurlClient::__construct @ E:\OSP\123\OSPanel\domains\modx.local\core\model\modx\rest\modrestcurlclient.class.php : 26) modRestClient::__construct is deprecated since version 2.3.0. Use the modRest classes instead.
[2021-04-21 21:35:12] (ERROR in xPDO::getService @ E:\OSP\123\OSPanel\domains\modx.local\core\xpdo\xpdo.class.php : 1234) modRestClient::__construct is deprecated since version 2.3.0. Use the modRest classes instead.
[2021-04-21 21:35:12] (ERROR in modRestCurlClient::__construct @ E:\OSP\123\OSPanel\domains\modx.local\core\model\modx\rest\modrestcurlclient.class.php : 26) modRestClient::__construct is deprecated since version 2.3.0. Use the modRest classes instead.
[2021-04-21 21:36:22] (ERROR in xPDO::getService @ E:\OSP\123\OSPanel\domains\modx.local\core\xpdo\xpdo.class.php : 1234) modRestClient::__construct is deprecated since version 2.3.0. Use the modRest classes instead.
[2021-04-21 21:36:22] (ERROR in modRestCurlClient::__construct @ E:\OSP\123\OSPanel\domains\modx.local\core\model\modx\rest\modrestcurlclient.class.php : 26) modRestClient::__construct is deprecated since version 2.3.0. Use the modRest classes instead.
[2021-04-21 21:37:20] (ERROR in xPDO::getService @ E:\OSP\123\OSPanel\domains\modx.local\core\xpdo\xpdo.class.php : 1234) modRestClient::__construct is deprecated since version 2.3.0. Use the modRest classes instead.
[2021-04-21 21:37:20] (ERROR in modRestCurlClient::__construct @ E:\OSP\123\OSPanel\domains\modx.local\core\model\modx\rest\modrestcurlclient.class.php : 26) modRestClient::__construct is deprecated since version 2.3.0. Use the modRest classes instead.
[2021-04-21 21:37:30] (ERROR in xPDO::getService @ E:\OSP\123\OSPanel\domains\modx.local\core\xpdo\xpdo.class.php : 1234) modRestClient::__construct is deprecated since version 2.3.0. Use the modRest classes instead.
[2021-04-21 21:37:30] (ERROR in modRestCurlClient::__construct @ E:\OSP\123\OSPanel\domains\modx.local\core\model\modx\rest\modrestcurlclient.class.php : 26) modRestClient::__construct is deprecated since version 2.3.0. Use the modRest classes instead.
[2021-04-21 21:38:18] (ERROR in xPDO::getService @ E:\OSP\123\OSPanel\domains\modx.local\core\xpdo\xpdo.class.php : 1234) modRestClient::__construct is deprecated since version 2.3.0. Use the modRest classes instead.
[2021-04-21 21:38:18] (ERROR in modRestCurlClient::__construct @ E:\OSP\123\OSPanel\domains\modx.local\core\model\modx\rest\modrestcurlclient.class.php : 26) modRestClient::__construct is deprecated since version 2.3.0. Use the modRest classes instead.
[2021-04-21 21:38:25] (ERROR in xPDO::getService @ E:\OSP\123\OSPanel\domains\modx.local\core\xpdo\xpdo.class.php : 1234) modRestClient::__construct is deprecated since version 2.3.0. Use the modRest classes instead.
[2021-04-21 21:38:25] (ERROR in modRestCurlClient::__construct @ E:\OSP\123\OSPanel\domains\modx.local\core\model\modx\rest\modrestcurlclient.class.php : 26) modRestClient::__construct is deprecated since version 2.3.0. Use the modRest classes instead.
[2021-04-21 21:38:25] (ERROR in xPDO::getService @ E:\OSP\123\OSPanel\domains\modx.local\core\xpdo\xpdo.class.php : 1234) modRestClient::__construct is deprecated since version 2.3.0. Use the modRest classes instead.
[2021-04-21 21:38:25] (ERROR in modRestCurlClient::__construct @ E:\OSP\123\OSPanel\domains\modx.local\core\model\modx\rest\modrestcurlclient.class.php : 26) modRestClient::__construct is deprecated since version 2.3.0. Use the modRest classes instead.
[2021-04-21 21:38:48] (ERROR in xPDO::getService @ E:\OSP\123\OSPanel\domains\modx.local\core\xpdo\xpdo.class.php : 1234) modRestClient::__construct is deprecated since version 2.3.0. Use the modRest classes instead.
[2021-04-21 21:38:48] (ERROR in modRestCurlClient::__construct @ E:\OSP\123\OSPanel\domains\modx.local\core\model\modx\rest\modrestcurlclient.class.php : 26) modRestClient::__construct is deprecated since version 2.3.0. Use the modRest classes instead.
[2021-04-21 21:39:10] (ERROR in xPDO::getService @ E:\OSP\123\OSPanel\domains\modx.local\core\xpdo\xpdo.class.php : 1234) modRestClient::__construct is deprecated since version 2.3.0. Use the modRest classes instead.
[2021-04-21 21:39:10] (ERROR in modRestCurlClient::__construct @ E:\OSP\123\OSPanel\domains\modx.local\core\model\modx\rest\modrestcurlclient.class.php : 26) modRestClient::__construct is deprecated since version 2.3.0. Use the modRest classes instead.
[2021-04-21 21:39:14] (ERROR in xPDO::getService @ E:\OSP\123\OSPanel\domains\modx.local\core\xpdo\xpdo.class.php : 1234) modRestClient::__construct is deprecated since version 2.3.0. Use the modRest classes instead.
[2021-04-21 21:39:14] (ERROR in modRestCurlClient::__construct @ E:\OSP\123\OSPanel\domains\modx.local\core\model\modx\rest\modrestcurlclient.class.php : 26) modRestClient::__construct is deprecated since version 2.3.0. Use the modRest classes instead.
[2021-04-21 21:39:14] (ERROR in xPDO::getService @ E:\OSP\123\OSPanel\domains\modx.local\core\xpdo\xpdo.class.php : 1234) modRestClient::__construct is deprecated since version 2.3.0. Use the modRest classes instead.
[2021-04-21 21:39:14] (ERROR in modRestCurlClient::__construct @ E:\OSP\123\OSPanel\domains\modx.local\core\model\modx\rest\modrestcurlclient.class.php : 26) modRestClient::__construct is deprecated since version 2.3.0. Use the modRest classes instead.
[2021-04-21 21:39:30] (ERROR in xPDO::getService @ E:\OSP\123\OSPanel\domains\modx.local\core\xpdo\xpdo.class.php : 1234) modRestClient::__construct is deprecated since version 2.3.0. Use the modRest classes instead.
[2021-04-21 21:39:30] (ERROR in modRestCurlClient::__construct @ E:\OSP\123\OSPanel\domains\modx.local\core\model\modx\rest\modrestcurlclient.class.php : 26) modRestClient::__construct is deprecated since version 2.3.0. Use the modRest classes instead.
[2021-04-21 21:39:30] (ERROR in xPDO::getService @ E:\OSP\123\OSPanel\domains\modx.local\core\xpdo\xpdo.class.php : 1234) modRestClient::__construct is deprecated since version 2.3.0. Use the modRest classes instead.
[2021-04-21 21:39:30] (ERROR in modRestCurlClient::__construct @ E:\OSP\123\OSPanel\domains\modx.local\core\model\modx\rest\modrestcurlclient.class.php : 26) modRestClient::__construct is deprecated since version 2.3.0. Use the modRest classes instead.
[2021-04-21 21:48:26] (ERROR in xPDO::getService @ E:\OSP\123\OSPanel\domains\modx.local\core\xpdo\xpdo.class.php : 1234) modRestClient::__construct is deprecated since version 2.3.0. Use the modRest classes instead.
[2021-04-21 21:48:26] (ERROR in modRestCurlClient::__construct @ E:\OSP\123\OSPanel\domains\modx.local\core\model\modx\rest\modrestcurlclient.class.php : 26) modRestClient::__construct is deprecated since version 2.3.0. Use the modRest classes instead.
[2021-04-21 21:48:35] (ERROR in xPDO::getService @ E:\OSP\123\OSPanel\domains\modx.local\core\xpdo\xpdo.class.php : 1234) modRestClient::__construct is deprecated since version 2.3.0. Use the modRest classes instead.
[2021-04-21 21:48:35] (ERROR in modRestCurlClient::__construct @ E:\OSP\123\OSPanel\domains\modx.local\core\model\modx\rest\modrestcurlclient.class.php : 26) modRestClient::__construct is deprecated since version 2.3.0. Use the modRest classes instead.
[2021-04-21 21:48:57] (ERROR in xPDO::getService @ E:\OSP\123\OSPanel\domains\modx.local\core\xpdo\xpdo.class.php : 1234) modRestClient::__construct is deprecated since version 2.3.0. Use the modRest classes instead.
[2021-04-21 21:48:57] (ERROR in modRestCurlClient::__construct @ E:\OSP\123\OSPanel\domains\modx.local\core\model\modx\rest\modrestcurlclient.class.php : 26) modRestClient::__construct is deprecated since version 2.3.0. Use the modRest classes instead.
[2021-04-21 21:49:04] (ERROR in xPDO::getService @ E:\OSP\123\OSPanel\domains\modx.local\core\xpdo\xpdo.class.php : 1234) modRestClient::__construct is deprecated since version 2.3.0. Use the modRest classes instead.
[2021-04-21 21:49:04] (ERROR in modRestCurlClient::__construct @ E:\OSP\123\OSPanel\domains\modx.local\core\model\modx\rest\modrestcurlclient.class.php : 26) modRestClient::__construct is deprecated since version 2.3.0. Use the modRest classes instead.
[2021-04-21 21:49:15] (ERROR in xPDO::getService @ E:\OSP\123\OSPanel\domains\modx.local\core\xpdo\xpdo.class.php : 1234) modRestClient::__construct is deprecated since version 2.3.0. Use the modRest classes instead.
[2021-04-21 21:49:15] (ERROR in modRestCurlClient::__construct @ E:\OSP\123\OSPanel\domains\modx.local\core\model\modx\rest\modrestcurlclient.class.php : 26) modRestClient::__construct is deprecated since version 2.3.0. Use the modRest classes instead.
[2021-04-21 22:05:47] (ERROR in xPDO::getService @ E:\OSP\123\OSPanel\domains\modx.local\core\xpdo\xpdo.class.php : 1234) modRestClient::__construct is deprecated since version 2.3.0. Use the modRest classes instead.
[2021-04-21 22:05:47] (ERROR in modRestCurlClient::__construct @ E:\OSP\123\OSPanel\domains\modx.local\core\model\modx\rest\modrestcurlclient.class.php : 26) modRestClient::__construct is deprecated since version 2.3.0. Use the modRest classes instead.
[2021-04-22 10:35:28] (ERROR @ E:\OSP\123\OSPanel\domains\modx.local\core\model\modx\modcachemanager.class.php : 349) Error caching lexicon topic lexicon/ru/core/namespace
[2021-04-22 10:35:28] (ERROR @ E:\OSP\123\OSPanel\domains\modx.local\core\model\modx\modcachemanager.class.php : 349) Error caching lexicon topic lexicon/en/core/setting
[2021-04-22 10:38:13] (ERROR @ E:\OSP\123\OSPanel\domains\modx.local\core\model\modx\modcachemanager.class.php : 349) Error caching lexicon topic lexicon/ru/core/resource
[2021-04-30 20:55:52] (ERROR @ E:\OSP\123\OSPanel\domains\modx.local\core\model\modx\modcachemanager.class.php : 349) Error caching lexicon topic lexicon/ru/core/resource
[2021-04-30 20:59:07] (ERROR @ E:\OSP\123\OSPanel\domains\modx.local\core\model\modx\modcachemanager.class.php : 349) Error caching lexicon topic lexicon/en/core/default
[2021-04-30 20:59:07] (ERROR @ E:\OSP\123\OSPanel\domains\modx.local\core\model\modx\modcachemanager.class.php : 349) Error caching lexicon topic lexicon/ru/core/default
[2021-04-30 20:59:07] (ERROR @ E:\OSP\123\OSPanel\domains\modx.local\core\model\modx\modcachemanager.class.php : 349) Error caching lexicon topic lexicon/ru/core/resource
[2021-04-30 20:59:48] (ERROR @ E:\OSP\123\OSPanel\domains\modx.local\core\model\modx\modcachemanager.class.php : 349) Error caching lexicon topic lexicon/en/core/default
[2021-04-30 20:59:48] (ERROR @ E:\OSP\123\OSPanel\domains\modx.local\core\model\modx\modcachemanager.class.php : 349) Error caching lexicon topic lexicon/ru/core/default
[2021-04-30 20:59:48] (ERROR @ E:\OSP\123\OSPanel\domains\modx.local\core\model\modx\modcachemanager.class.php : 349) Error caching lexicon topic lexicon/ru/core/resource
[2021-04-30 21:07:44] (ERROR @ E:\OSP\123\OSPanel\domains\modx.local\core\model\modx\modcachemanager.class.php : 349) Error caching lexicon topic lexicon/ru/core/default
[2021-04-30 21:15:42] (ERROR @ E:\OSP\123\OSPanel\domains\modx.local\core\model\modx\modcachemanager.class.php : 349) Error caching lexicon topic lexicon/en/core/default
[2021-04-30 21:20:57] (ERROR @ E:\OSP\123\OSPanel\domains\modx.local\core\model\modx\modcachemanager.class.php : 349) Error caching lexicon topic lexicon/ru/core/default
[2021-04-30 22:25:49] (ERROR @ E:\OSP\123\OSPanel\domains\modx.local\core\model\modx\modcachemanager.class.php : 349) Error caching lexicon topic lexicon/en/core/default
[2021-04-30 22:25:49] (ERROR @ E:\OSP\123\OSPanel\domains\modx.local\core\model\modx\modcachemanager.class.php : 349) Error caching lexicon topic lexicon/ru/core/category
[2021-04-30 22:26:24] (ERROR @ E:\OSP\123\OSPanel\domains\modx.local\core\model\modx\modcachemanager.class.php : 349) Error caching lexicon topic lexicon/en/core/default
[2021-04-30 22:26:24] (ERROR @ E:\OSP\123\OSPanel\domains\modx.local\core\model\modx\modcachemanager.class.php : 349) Error caching lexicon topic lexicon/ru/core/default
[2021-04-30 22:28:46] (ERROR @ E:\OSP\123\OSPanel\domains\modx.local\core\model\modx\modcachemanager.class.php : 349) Error caching lexicon topic lexicon/ru/core/default
[2021-04-30 22:29:24] (ERROR @ E:\OSP\123\OSPanel\domains\modx.local\core\model\modx\modcachemanager.class.php : 349) Error caching lexicon topic lexicon/en/core/default
[2021-04-30 22:29:24] (ERROR @ E:\OSP\123\OSPanel\domains\modx.local\core\model\modx\modcachemanager.class.php : 349) Error caching lexicon topic lexicon/ru/core/default
[2021-04-30 22:31:00] (ERROR @ E:\OSP\123\OSPanel\domains\modx.local\core\model\modx\modcachemanager.class.php : 514) Error caching script elements/modplugin/4
[2021-04-30 22:31:00] (ERROR @ E:\OSP\123\OSPanel\domains\modx.local\core\model\modx\modcachemanager.class.php : 349) Error caching lexicon topic lexicon/en/core/default
[2021-04-30 22:31:00] (ERROR @ E:\OSP\123\OSPanel\domains\modx.local\core\model\modx\modcachemanager.class.php : 349) Error caching lexicon topic lexicon/ru/core/default
[2021-04-30 22:31:00] (ERROR @ E:\OSP\123\OSPanel\domains\modx.local\core\model\modx\modcachemanager.class.php : 349) Error caching lexicon topic lexicon/ru/core/element
[2021-04-30 22:31:29] (ERROR @ E:\OSP\123\OSPanel\domains\modx.local\core\model\modx\modcachemanager.class.php : 349) Error caching lexicon topic lexicon/en/core/default
[2021-04-30 22:31:29] (ERROR @ E:\OSP\123\OSPanel\domains\modx.local\core\model\modx\modcachemanager.class.php : 349) Error caching lexicon topic lexicon/ru/core/default
[2021-04-30 22:32:03] (ERROR @ E:\OSP\123\OSPanel\domains\modx.local\core\model\modx\modcachemanager.class.php : 349) Error caching lexicon topic lexicon/en/core/default
[2021-04-30 22:32:03] (ERROR @ E:\OSP\123\OSPanel\domains\modx.local\core\model\modx\modcachemanager.class.php : 349) Error caching lexicon topic lexicon/ru/core/default
[2021-04-30 22:33:52] (ERROR @ E:\OSP\123\OSPanel\domains\modx.local\core\model\modx\modcachemanager.class.php : 349) Error caching lexicon topic lexicon/en/core/default
[2021-04-30 22:33:52] (ERROR @ E:\OSP\123\OSPanel\domains\modx.local\core\model\modx\modcachemanager.class.php : 349) Error caching lexicon topic lexicon/ru/core/default
[2021-04-30 22:36:45] (ERROR @ E:\OSP\123\OSPanel\domains\modx.local\core\model\modx\modcachemanager.class.php : 349) Error caching lexicon topic lexicon/en/core/default
[2021-04-30 22:36:45] (ERROR @ E:\OSP\123\OSPanel\domains\modx.local\core\model\modx\modcachemanager.class.php : 349) Error caching lexicon topic lexicon/ru/core/default
[2021-04-30 22:38:53] (ERROR @ E:\OSP\123\OSPanel\domains\modx.local\core\model\modx\modcachemanager.class.php : 349) Error caching lexicon topic lexicon/ru/core/default
[2021-04-30 22:39:21] (ERROR @ E:\OSP\123\OSPanel\domains\modx.local\core\model\modx\modcachemanager.class.php : 514) Error caching script elements/modplugin/4
[2021-04-30 22:39:21] (ERROR @ E:\OSP\123\OSPanel\domains\modx.local\core\model\modx\modcachemanager.class.php : 349) Error caching lexicon topic lexicon/en/core/default
[2021-04-30 22:40:12] (ERROR @ E:\OSP\123\OSPanel\domains\modx.local\core\model\modx\modcachemanager.class.php : 349) Error caching lexicon topic lexicon/en/core/default
[2021-04-30 22:40:12] (ERROR @ E:\OSP\123\OSPanel\domains\modx.local\core\model\modx\modcachemanager.class.php : 349) Error caching lexicon topic lexicon/ru/core/default
[2021-04-30 22:41:15] (ERROR @ E:\OSP\123\OSPanel\domains\modx.local\core\model\modx\modcachemanager.class.php : 349) Error caching lexicon topic lexicon/ru/core/default
[2021-04-30 22:43:14] (ERROR @ E:\OSP\123\OSPanel\domains\modx.local\core\model\modx\modcachemanager.class.php : 349) Error caching lexicon topic lexicon/ru/core/default
[2021-04-30 22:48:07] (ERROR @ E:\OSP\123\OSPanel\domains\modx.local\core\model\modx\modcachemanager.class.php : 349) Error caching lexicon topic lexicon/en/core/default
[2021-04-30 22:48:07] (ERROR @ E:\OSP\123\OSPanel\domains\modx.local\core\model\modx\modcachemanager.class.php : 349) Error caching lexicon topic lexicon/ru/core/default
[2021-05-02 12:50:50] (ERROR @ E:\OSP\123\OSPanel\domains\modx.local\core\model\modx\modcachemanager.class.php : 349) Error caching lexicon topic lexicon/ru/core/dashboards
[2021-05-02 12:50:51] (ERROR @ E:\OSP\123\OSPanel\domains\modx.local\core\model\modx\modmenu.class.php : 73) The menu cache key menus/topnav/ru could not be written.
[2021-05-02 12:50:52] (ERROR @ E:\OSP\123\OSPanel\domains\modx.local\core\model\modx\modmenu.class.php : 73) The menu cache key menus/usernav/ru could not be written.
[2021-05-02 12:50:53] (ERROR @ E:\OSP\123\OSPanel\domains\modx.local\core\model\modx\modcachemanager.class.php : 349) Error caching lexicon topic lexicon/ru/core/resource
[2021-05-02 12:51:04] (ERROR @ E:\OSP\123\OSPanel\domains\modx.local\core\model\modx\modcachemanager.class.php : 349) Error caching lexicon topic lexicon/ru/tinymce/default
[2021-05-02 20:26:48] (ERROR @ E:\OSP\123\OSPanel\domains\modx.local\core\model\modx\modcachemanager.class.php : 349) Error caching lexicon topic lexicon/en/core/default
[2021-05-02 20:26:48] (ERROR @ E:\OSP\123\OSPanel\domains\modx.local\core\model\modx\modcachemanager.class.php : 349) Error caching lexicon topic lexicon/ru/core/default
[2021-05-02 20:30:47] (ERROR @ E:\OSP\123\OSPanel\domains\modx.local\core\model\modx\modcachemanager.class.php : 349) Error caching lexicon topic lexicon/ru/core/default
[2021-05-06 11:13:38] (ERROR @ E:\OSP\123\OSPanel\domains\modx.local\core\model\modx\modcachemanager.class.php : 349) Error caching lexicon topic lexicon/ru/core/default
[2021-05-06 11:13:39] (ERROR @ E:\OSP\123\OSPanel\domains\modx.local\core\model\modx\modcachemanager.class.php : 349) Error caching lexicon topic lexicon/ru/core/resource
[2021-05-06 12:24:15] (ERROR @ E:\OSP\123\OSPanel\domains\modx.local\core\model\modx\modcachemanager.class.php : 349) Error caching lexicon topic lexicon/en/core/default
[2021-05-06 12:24:15] (ERROR @ E:\OSP\123\OSPanel\domains\modx.local\core\model\modx\modcachemanager.class.php : 349) Error caching lexicon topic lexicon/ru/core/default
[2021-05-09 20:12:44] (ERROR @ E:\OSP\123\OSPanel\domains\modx.local\core\model\modx\modcachemanager.class.php : 349) Error caching lexicon topic lexicon/en/core/default
[2021-05-09 20:12:44] (ERROR @ E:\OSP\123\OSPanel\domains\modx.local\core\model\modx\modcachemanager.class.php : 349) Error caching lexicon topic lexicon/ru/core/default
[2021-05-23 19:12:30] (ERROR @ E:\OSP\123\OSPanel\domains\modx.local\core\model\modx\modcachemanager.class.php : 349) Error caching lexicon topic lexicon/en/core/default
[2021-05-23 19:12:30] (ERROR @ E:\OSP\123\OSPanel\domains\modx.local\core\model\modx\modcachemanager.class.php : 349) Error caching lexicon topic lexicon/ru/core/default
[2021-05-23 19:14:29] (ERROR @ E:\OSP\123\OSPanel\domains\modx.local\core\model\modx\modcachemanager.class.php : 514) Error caching script elements/modplugin/4
[2021-05-23 19:19:01] (ERROR @ E:\OSP\123\OSPanel\domains\modx.local\core\model\modx\modcachemanager.class.php : 349) Error caching lexicon topic lexicon/ru/core/resource
[2021-05-23 19:27:02] (ERROR @ E:\OSP\123\OSPanel\domains\modx.local\core\model\modx\modcachemanager.class.php : 349) Error caching lexicon topic lexicon/en/core/default
[2021-05-23 19:27:02] (ERROR @ E:\OSP\123\OSPanel\domains\modx.local\core\model\modx\modcachemanager.class.php : 349) Error caching lexicon topic lexicon/ru/core/default
